<?xml version="1.0" encoding="UTF-8"?>
<!-- Generated by org.testng.reporters.JUnitReportReporter -->
<testsuite hostname="DESKTOP-AQBPM2K" failures="0" tests="1" name="RestAssured_testing.RestAssured_testing.AppTest" time="2.525" errors="0" timestamp="2021-10-02T10:37:39 IST" skipped="0">
  <testcase classname="RestAssured_testing.RestAssured_testing.AppTest" name="shouldAnswerWithTrue" time="2.525"/>
  <system-out/>
</testsuite> <!-- RestAssured_testing.RestAssured_testing.AppTest -->
